2022-05-04 23:02:28.294 ERROR 18704 --- [http-nio-8080-exec-4] com.awesome.controller.BookController    : error...
2022-05-04 23:02:34.919  WARN 18704 --- [http-nio-8080-exec-5] com.awesome.controller.BookController    : warn...
2022-05-04 23:02:34.920 ERROR 18704 --- [http-nio-8080-exec-5] com.awesome.controller.BookController    : error...
2022-05-04 23:02:35.671  WARN 18704 --- [http-nio-8080-exec-6] com.awesome.controller.BookController    : warn...
2022-05-04 23:02:35.672 ERROR 18704 --- [http-nio-8080-exec-6] com.awesome.controller.BookController    : error...
2022-05-04 23:02:36.192  WARN 18704 --- [http-nio-8080-exec-7] com.awesome.controller.BookController    : warn...
2022-05-04 23:02:36.193 ERROR 18704 --- [http-nio-8080-exec-7] com.awesome.controller.BookController    : error...
2022-05-04 23:02:36.746  WARN 18704 --- [http-nio-8080-exec-8] com.awesome.controller.BookController    : warn...
2022-05-04 23:02:36.746 ERROR 18704 --- [http-nio-8080-exec-8] com.awesome.controller.BookController    : error...
2022-05-04 23:02:43.350  WARN 18704 --- [http-nio-8080-exec-9] com.awesome.controller.BookController    : warn...
2022-05-04 23:02:43.351 ERROR 18704 --- [http-nio-8080-exec-9] com.awesome.controller.BookController    : error...
2022-05-04 23:02:43.988  WARN 18704 --- [http-nio-8080-exec-10] com.awesome.controller.BookController    : warn...
2022-05-04 23:02:43.988 ERROR 18704 --- [http-nio-8080-exec-10] com.awesome.controller.BookController    : error...
2022-05-04 23:02:44.548  WARN 18704 --- [http-nio-8080-exec-1] com.awesome.controller.BookController    : warn...
2022-05-04 23:02:44.548 ERROR 18704 --- [http-nio-8080-exec-1] com.awesome.controller.BookController    : error...
2022-05-04 23:02:45.036  WARN 18704 --- [http-nio-8080-exec-2] com.awesome.controller.BookController    : warn...
2022-05-04 23:02:45.036 ERROR 18704 --- [http-nio-8080-exec-2] com.awesome.controller.BookController    : error...
2022-05-04 23:02:49.318  WARN 18704 --- [http-nio-8080-exec-3] com.awesome.controller.BookController    : warn...
2022-05-04 23:02:49.318 ERROR 18704 --- [http-nio-8080-exec-3] com.awesome.controller.BookController    : error...
2022-05-04 23:02:50.022  WARN 18704 --- [http-nio-8080-exec-4] com.awesome.controller.BookController    : warn...
2022-05-04 23:02:50.022 ERROR 18704 --- [http-nio-8080-exec-4] com.awesome.controller.BookController    : error...
2022-05-04 23:02:50.564  WARN 18704 --- [http-nio-8080-exec-5] com.awesome.controller.BookController    : warn...
2022-05-04 23:02:50.564 ERROR 18704 --- [http-nio-8080-exec-5] com.awesome.controller.BookController    : error...
2022-05-04 23:03:12.031  INFO 16180 --- [main] com.awesome.Springboot11LogApplication   : Starting Springboot11LogApplication using Java 1.8.0_312 on LAPTOP-NN4BBO06 with PID 16180 (D:\IdeaProjects\SpringBootProj\springboot\springboot_11_log\target\classes started by Gavin in D:\IdeaProjects\SpringBootProj\springboot)
2022-05-04 23:03:12.036  INFO 16180 --- [main] com.awesome.Springboot11LogApplication   : No active profile set, falling back to 1 default profile: "default"
2022-05-04 23:03:13.406  INFO 16180 --- [main] o.s.b.w.embedded.tomcat.TomcatWebServer  : Tomcat initialized with port(s): 8080 (http)
2022-05-04 23:03:13.418  INFO 16180 --- [main] o.apache.catalina.core.StandardService   : Starting service [Tomcat]
2022-05-04 23:03:13.418  INFO 16180 --- [main] org.apache.catalina.core.StandardEngine  : Starting Servlet engine: [Apache Tomcat/9.0.62]
2022-05-04 23:03:13.566  INFO 16180 --- [main] o.a.c.c.C.[Tomcat].[localhost].[/]       : Initializing Spring embedded WebApplicationContext
2022-05-04 23:03:13.566  INFO 16180 --- [main] w.s.c.ServletWebServerApplicationContext : Root WebApplicationContext: initialization completed in 1460 ms
2022-05-04 23:03:14.066  INFO 16180 --- [main] o.s.b.w.embedded.tomcat.TomcatWebServer  : Tomcat started on port(s): 8080 (http) with context path ''
2022-05-04 23:03:14.086  INFO 16180 --- [main] com.awesome.Springboot11LogApplication   : Started Springboot11LogApplication in 3.174 seconds (JVM running for 5.102)
2022-05-04 23:03:19.950  INFO 16180 --- [http-nio-8080-exec-1] o.a.c.c.C.[Tomcat].[localhost].[/]       : Initializing Spring DispatcherServlet 'dispatcherServlet'
2022-05-04 23:03:19.958  INFO 16180 --- [http-nio-8080-exec-1] o.s.web.servlet.DispatcherServlet        : Initializing Servlet 'dispatcherServlet'
